<?xml version="1.0" encoding="UTF-8"?>
<testsuite name="pascal.taie.analysis.dataflow.analysis.DeadCodeTest" tests="5" skipped="0" failures="0" errors="0" timestamp="2021-10-24T11:20:51" hostname="DESKTOP-J8KU74V" time="17.479">
  <properties/>
  <testcase name="testLoops" classname="pascal.taie.analysis.dataflow.analysis.DeadCodeTest" time="6.598"/>
  <testcase name="testDeadAssignment" classname="pascal.taie.analysis.dataflow.analysis.DeadCodeTest" time="3.118"/>
  <testcase name="testControlFlowUnreachable" classname="pascal.taie.analysis.dataflow.analysis.DeadCodeTest" time="2.767"/>
  <testcase name="testUnreachableSwitchBranch" classname="pascal.taie.analysis.dataflow.analysis.DeadCodeTest" time="2.603"/>
  <testcase name="testUnreachableIfBranch" classname="pascal.taie.analysis.dataflow.analysis.DeadCodeTest" time="2.393"/>
  <system-out><![CDATA[Tai-e starts ...
Writing options to output\options.yml
Writing analysis plan to output\tai-e-plan.yml
WorldBuilder starts ...
Warning: main class 'Loops' does not have main(String[]) method!
9224 classes with 90321 methods in the world
WorldBuilder finishes, elapsed time: 5.43s
throw starts ...
4 methods in scope (app) of intra-procedural analysis
throw finishes, elapsed time: 0.04s
cfg starts ...
cfg finishes, elapsed time: 0.01s
constprop starts ...
constprop finishes, elapsed time: 0.02s
livevar starts ...
livevar finishes, elapsed time: 0.00s
deadcode starts ...
deadcode finishes, elapsed time: 0.00s
process-result starts ...
process-result finishes, elapsed time: 0.02s
Tai-e finishes, elapsed time: 5.83s
Tai-e starts ...
Writing options to output\options.yml
Writing analysis plan to output\tai-e-plan.yml
WorldBuilder starts ...
Warning: main class 'DeadAssignment' does not have main(String[]) method!
9224 classes with 90320 methods in the world
WorldBuilder finishes, elapsed time: 3.06s
throw starts ...
3 methods in scope (app) of intra-procedural analysis
throw finishes, elapsed time: 0.01s
cfg starts ...
cfg finishes, elapsed time: 0.00s
constprop starts ...
constprop finishes, elapsed time: 0.00s
livevar starts ...
livevar finishes, elapsed time: 0.00s
deadcode starts ...
deadcode finishes, elapsed time: 0.00s
process-result starts ...
process-result finishes, elapsed time: 0.01s
Tai-e finishes, elapsed time: 3.12s
Tai-e starts ...
Writing options to output\options.yml
Writing analysis plan to output\tai-e-plan.yml
WorldBuilder starts ...
Warning: main class 'ControlFlowUnreachable' does not have main(String[]) method!
9224 classes with 90320 methods in the world
WorldBuilder finishes, elapsed time: 2.73s
throw starts ...
3 methods in scope (app) of intra-procedural analysis
throw finishes, elapsed time: 0.00s
cfg starts ...
cfg finishes, elapsed time: 0.00s
constprop starts ...
constprop finishes, elapsed time: 0.00s
livevar starts ...
livevar finishes, elapsed time: 0.00s
deadcode starts ...
deadcode finishes, elapsed time: 0.00s
process-result starts ...
process-result finishes, elapsed time: 0.00s
Tai-e finishes, elapsed time: 2.77s
Tai-e starts ...
Writing options to output\options.yml
Writing analysis plan to output\tai-e-plan.yml
WorldBuilder starts ...
Warning: main class 'UnreachableSwitchBranch' does not have main(String[]) method!
9224 classes with 90320 methods in the world
WorldBuilder finishes, elapsed time: 2.56s
throw starts ...
3 methods in scope (app) of intra-procedural analysis
throw finishes, elapsed time: 0.01s
cfg starts ...
cfg finishes, elapsed time: 0.00s
constprop starts ...
constprop finishes, elapsed time: 0.00s
livevar starts ...
livevar finishes, elapsed time: 0.00s
deadcode starts ...
deadcode finishes, elapsed time: 0.00s
process-result starts ...
process-result finishes, elapsed time: 0.00s
Tai-e finishes, elapsed time: 2.60s
Tai-e starts ...
Writing options to output\options.yml
Writing analysis plan to output\tai-e-plan.yml
WorldBuilder starts ...
Warning: main class 'UnreachableIfBranch' does not have main(String[]) method!
9224 classes with 90319 methods in the world
WorldBuilder finishes, elapsed time: 2.36s
throw starts ...
2 methods in scope (app) of intra-procedural analysis
throw finishes, elapsed time: 0.00s
cfg starts ...
cfg finishes, elapsed time: 0.00s
constprop starts ...
constprop finishes, elapsed time: 0.00s
livevar starts ...
livevar finishes, elapsed time: 0.00s
deadcode starts ...
deadcode finishes, elapsed time: 0.00s
process-result starts ...
process-result finishes, elapsed time: 0.00s
Tai-e finishes, elapsed time: 2.39s
]]></system-out>
  <system-err><![CDATA[]]></system-err>
</testsuite>
