<?xml version="1.0" encoding="UTF-8"?>
<testsuite name="pascal.taie.analysis.pta.TaintTest" tests="7" skipped="0" failures="0" errors="0" timestamp="2021-12-24T10:14:27" hostname="DESKTOP-I64H15I" time="14.278">
  <properties/>
  <testcase name="testSimpleTaint" classname="pascal.taie.analysis.pta.TaintTest" time="4.015"/>
  <testcase name="testTaintInList" classname="pascal.taie.analysis.pta.TaintTest" time="1.982"/>
  <testcase name="testInterTaintTransfer" classname="pascal.taie.analysis.pta.TaintTest" time="1.794"/>
  <testcase name="testStringAppend" classname="pascal.taie.analysis.pta.TaintTest" time="1.618"/>
  <testcase name="testOneCallTaint" classname="pascal.taie.analysis.pta.TaintTest" time="1.647"/>
  <testcase name="testArgToResult" classname="pascal.taie.analysis.pta.TaintTest" time="1.637"/>
  <testcase name="testBaseToResult" classname="pascal.taie.analysis.pta.TaintTest" time="1.585"/>
  <system-out><![CDATA[Tai-e starts ...
Writing options to output\options.yml
Writing analysis plan to output\tai-e-plan.yml
WorldBuilder starts ...
9161 classes with 89833 methods in the world
WorldBuilder finishes, elapsed time: 3.28s
class-dumper starts ...
Dumping 2 classes to output ...
class-dumper finishes, elapsed time: 0.03s
cspta starts ...
TaintConfig:
sources:
  <SourceSink: java.lang.String source()>(java.lang.String)
  <SourceSink: java.lang.String sourceAndSink(java.lang.String,java.lang.String)>(java.lang.String)

sinks:
  <SourceSink: void sink(java.lang.String)>/0
  <SourceSink: void sink(java.lang.String,int)>/0
  <SourceSink: void sink(java.lang.String,java.lang.String)>/1
  <SourceSink: java.lang.String sourceAndSink(java.lang.String,java.lang.String)>/0

transfers:
  <java.lang.StringBuffer: java.lang.StringBuffer append(java.lang.String)>: 0 -> base(java.lang.StringBuffer)
  <java.lang.StringBuilder: java.lang.String toString()>: base -> result(java.lang.String)
  <java.lang.String: java.lang.String concat(java.lang.String)>: 0 -> result(java.lang.String)
  <java.lang.String: java.lang.String concat(java.lang.String)>: base -> result(java.lang.String)
  <java.lang.String: void <init>(char[])>: 0 -> base(java.lang.String)
  <java.lang.StringBuffer: java.lang.StringBuffer append(java.lang.Object)>: 0 -> base(java.lang.StringBuffer)
  <java.lang.String: char[] toCharArray()>: base -> result(char[])
  <java.lang.StringBuilder: java.lang.StringBuilder append(java.lang.String)>: 0 -> base(java.lang.StringBuilder)
  <java.lang.StringBuilder: java.lang.StringBuilder append(java.lang.Object)>: 0 -> base(java.lang.StringBuilder)
  <java.lang.StringBuffer: java.lang.String toString()>: base -> result(java.lang.String)

<SimpleTaint: void main(java.lang.String[])>[2@L5] invokestatic SourceSink.sink(s1)
<SimpleTaint: void main(java.lang.String[])>[5@L8] invokestatic SourceSink.sink(s2)
<SimpleTaint: void main(java.lang.String[])>[16@L11] invokestatic SourceSink.sink(s3, %intconst0)
<SimpleTaint: void main(java.lang.String[])>[19@L13] invokestatic SourceSink.sink(s3, temp$3)
-------------- Pointer analysis statistics: --------------
#var pointers:                18 (insens) / 18 (sens)
#var points-to:               30 (insens) / 30 (sens)
#static field points-to:      0 (sens)
#instance field points-to:    0 (sens)
#array points-to:             0 (sens)
#reachable methods:           7 (insens) / 7 (sens)
#call graph edges:            9 (insens) / 9 (sens)
----------------------------------------
Comparing taint flows with src\test\resources\pta\taint\SimpleTaint-expected.txt ...
cspta finishes, elapsed time: 0.17s
Tai-e finishes, elapsed time: 3.63s
Tai-e starts ...
Writing options to output\options.yml
Writing analysis plan to output\tai-e-plan.yml
WorldBuilder starts ...
9162 classes with 89837 methods in the world
WorldBuilder finishes, elapsed time: 1.94s
class-dumper starts ...
Dumping 3 classes to output ...
class-dumper finishes, elapsed time: 0.01s
cspta starts ...
TaintConfig:
sources:
  <SourceSink: java.lang.String source()>(java.lang.String)
  <SourceSink: java.lang.String sourceAndSink(java.lang.String,java.lang.String)>(java.lang.String)

sinks:
  <SourceSink: void sink(java.lang.String)>/0
  <SourceSink: void sink(java.lang.String,int)>/0
  <SourceSink: void sink(java.lang.String,java.lang.String)>/1
  <SourceSink: java.lang.String sourceAndSink(java.lang.String,java.lang.String)>/0

transfers:
  <java.lang.String: void <init>(char[])>: 0 -> base(java.lang.String)
  <java.lang.StringBuffer: java.lang.StringBuffer append(java.lang.Object)>: 0 -> base(java.lang.StringBuffer)
  <java.lang.String: java.lang.String concat(java.lang.String)>: base -> result(java.lang.String)
  <java.lang.String: java.lang.String concat(java.lang.String)>: 0 -> result(java.lang.String)
  <java.lang.StringBuilder: java.lang.String toString()>: base -> result(java.lang.String)
  <java.lang.StringBuffer: java.lang.String toString()>: base -> result(java.lang.String)
  <java.lang.StringBuffer: java.lang.StringBuffer append(java.lang.String)>: 0 -> base(java.lang.StringBuffer)
  <java.lang.String: char[] toCharArray()>: base -> result(char[])
  <java.lang.StringBuilder: java.lang.StringBuilder append(java.lang.String)>: 0 -> base(java.lang.StringBuilder)
  <java.lang.StringBuilder: java.lang.StringBuilder append(java.lang.Object)>: 0 -> base(java.lang.StringBuilder)

<TaintInList: void main(java.lang.String[])>[8@L7] invokestatic SourceSink.sink(s1)
<TaintInList: void main(java.lang.String[])>[17@L12] invokestatic SourceSink.sink(s2)
-------------- Pointer analysis statistics: --------------
#var pointers:                39 (insens) / 67 (sens)
#var points-to:               54 (insens) / 68 (sens)
#static field points-to:      0 (sens)
#instance field points-to:    4 (sens)
#array points-to:             6 (sens)
#reachable methods:           9 (insens) / 17 (sens)
#call graph edges:            14 (insens) / 17 (sens)
----------------------------------------
Comparing taint flows with src\test\resources\pta\taint\TaintInList-expected.txt ...
cspta finishes, elapsed time: 0.02s
Tai-e finishes, elapsed time: 1.98s
Tai-e starts ...
Writing options to output\options.yml
Writing analysis plan to output\tai-e-plan.yml
WorldBuilder starts ...
9161 classes with 89834 methods in the world
WorldBuilder finishes, elapsed time: 1.65s
class-dumper starts ...
Dumping 2 classes to output ...
class-dumper finishes, elapsed time: 0.00s
cspta starts ...
TaintConfig:
sources:
  <SourceSink: java.lang.String source()>(java.lang.String)
  <SourceSink: java.lang.String sourceAndSink(java.lang.String,java.lang.String)>(java.lang.String)

sinks:
  <SourceSink: void sink(java.lang.String)>/0
  <SourceSink: void sink(java.lang.String,int)>/0
  <SourceSink: void sink(java.lang.String,java.lang.String)>/1
  <SourceSink: java.lang.String sourceAndSink(java.lang.String,java.lang.String)>/0

transfers:
  <java.lang.String: char[] toCharArray()>: base -> result(char[])
  <java.lang.StringBuffer: java.lang.StringBuffer append(java.lang.Object)>: 0 -> base(java.lang.StringBuffer)
  <java.lang.StringBuilder: java.lang.String toString()>: base -> result(java.lang.String)
  <java.lang.String: java.lang.String concat(java.lang.String)>: base -> result(java.lang.String)
  <java.lang.String: java.lang.String concat(java.lang.String)>: 0 -> result(java.lang.String)
  <java.lang.StringBuffer: java.lang.StringBuffer append(java.lang.String)>: 0 -> base(java.lang.StringBuffer)
  <java.lang.StringBuilder: java.lang.StringBuilder append(java.lang.Object)>: 0 -> base(java.lang.StringBuilder)
  <java.lang.StringBuffer: java.lang.String toString()>: base -> result(java.lang.String)
  <java.lang.String: void <init>(char[])>: 0 -> base(java.lang.String)
  <java.lang.StringBuilder: java.lang.StringBuilder append(java.lang.String)>: 0 -> base(java.lang.StringBuilder)

<InterTaintTransfer: void main(java.lang.String[])>[10@L8] invokestatic SourceSink.sink(temp$4)
<InterTaintTransfer: void main(java.lang.String[])>[12@L9] invokestatic SourceSink.sink(temp$5)
<InterTaintTransfer: void main(java.lang.String[])>[14@L10] invokestatic SourceSink.sink(temp$6)
-------------- Pointer analysis statistics: --------------
#var pointers:                439 (insens) / 1403 (sens)
#var points-to:               460 (insens) / 1466 (sens)
#static field points-to:      0 (sens)
#instance field points-to:    277 (sens)
#array points-to:             0 (sens)
#reachable methods:           79 (insens) / 282 (sens)
#call graph edges:            165 (insens) / 514 (sens)
----------------------------------------
Comparing taint flows with src\test\resources\pta\taint\InterTaintTransfer-expected.txt ...
cspta finishes, elapsed time: 0.13s
Tai-e finishes, elapsed time: 1.79s
Tai-e starts ...
Writing options to output\options.yml
Writing analysis plan to output\tai-e-plan.yml
WorldBuilder starts ...
9161 classes with 89836 methods in the world
WorldBuilder finishes, elapsed time: 1.52s
class-dumper starts ...
Dumping 2 classes to output ...
class-dumper finishes, elapsed time: 0.00s
cspta starts ...
TaintConfig:
sources:
  <SourceSink: java.lang.String source()>(java.lang.String)
  <SourceSink: java.lang.String sourceAndSink(java.lang.String,java.lang.String)>(java.lang.String)

sinks:
  <SourceSink: void sink(java.lang.String)>/0
  <SourceSink: void sink(java.lang.String,int)>/0
  <SourceSink: void sink(java.lang.String,java.lang.String)>/1
  <SourceSink: java.lang.String sourceAndSink(java.lang.String,java.lang.String)>/0

transfers:
  <java.lang.StringBuilder: java.lang.StringBuilder append(java.lang.Object)>: 0 -> base(java.lang.StringBuilder)
  <java.lang.StringBuilder: java.lang.StringBuilder append(java.lang.String)>: 0 -> base(java.lang.StringBuilder)
  <java.lang.StringBuffer: java.lang.StringBuffer append(java.lang.Object)>: 0 -> base(java.lang.StringBuffer)
  <java.lang.StringBuilder: java.lang.String toString()>: base -> result(java.lang.String)
  <java.lang.String: void <init>(char[])>: 0 -> base(java.lang.String)
  <java.lang.StringBuffer: java.lang.String toString()>: base -> result(java.lang.String)
  <java.lang.String: char[] toCharArray()>: base -> result(char[])
  <java.lang.String: java.lang.String concat(java.lang.String)>: base -> result(java.lang.String)
  <java.lang.String: java.lang.String concat(java.lang.String)>: 0 -> result(java.lang.String)
  <java.lang.StringBuffer: java.lang.StringBuffer append(java.lang.String)>: 0 -> base(java.lang.StringBuffer)

<StringAppend: void stringAdd()>[11@L12] invokestatic SourceSink.sink(s)
<StringAppend: void stringBuffer()>[12@L22] invokestatic SourceSink.sink(s)
<StringAppend: void stringBuilder()>[12@L32] invokestatic SourceSink.sink(s)
-------------- Pointer analysis statistics: --------------
#var pointers:                459 (insens) / 459 (sens)
#var points-to:               775 (insens) / 775 (sens)
#static field points-to:      0 (sens)
#instance field points-to:    114 (sens)
#array points-to:             0 (sens)
#reachable methods:           85 (insens) / 85 (sens)
#call graph edges:            182 (insens) / 182 (sens)
----------------------------------------
Comparing taint flows with src\test\resources\pta\taint\StringAppend-expected.txt ...
cspta finishes, elapsed time: 0.08s
Tai-e finishes, elapsed time: 1.62s
Tai-e starts ...
Writing options to output\options.yml
Writing analysis plan to output\tai-e-plan.yml
WorldBuilder starts ...
9161 classes with 89834 methods in the world
WorldBuilder finishes, elapsed time: 1.62s
class-dumper starts ...
Dumping 2 classes to output ...
class-dumper finishes, elapsed time: 0.00s
cspta starts ...
TaintConfig:
sources:
  <SourceSink: java.lang.String source()>(java.lang.String)
  <SourceSink: java.lang.String sourceAndSink(java.lang.String,java.lang.String)>(java.lang.String)

sinks:
  <SourceSink: void sink(java.lang.String)>/0
  <SourceSink: void sink(java.lang.String,int)>/0
  <SourceSink: void sink(java.lang.String,java.lang.String)>/1
  <SourceSink: java.lang.String sourceAndSink(java.lang.String,java.lang.String)>/0

transfers:
  <java.lang.StringBuilder: java.lang.StringBuilder append(java.lang.String)>: 0 -> base(java.lang.StringBuilder)
  <java.lang.StringBuilder: java.lang.StringBuilder append(java.lang.Object)>: 0 -> base(java.lang.StringBuilder)
  <java.lang.StringBuffer: java.lang.StringBuffer append(java.lang.Object)>: 0 -> base(java.lang.StringBuffer)
  <java.lang.StringBuffer: java.lang.StringBuffer append(java.lang.String)>: 0 -> base(java.lang.StringBuffer)
  <java.lang.StringBuffer: java.lang.String toString()>: base -> result(java.lang.String)
  <java.lang.StringBuilder: java.lang.String toString()>: base -> result(java.lang.String)
  <java.lang.String: java.lang.String concat(java.lang.String)>: 0 -> result(java.lang.String)
  <java.lang.String: char[] toCharArray()>: base -> result(char[])
  <java.lang.String: void <init>(char[])>: 0 -> base(java.lang.String)
  <java.lang.String: java.lang.String concat(java.lang.String)>: base -> result(java.lang.String)

<OneCallTaint: void main(java.lang.String[])>[9@L9] invokestatic SourceSink.sink(ss1)
-------------- Pointer analysis statistics: --------------
#var pointers:                15 (insens) / 19 (sens)
#var points-to:               21 (insens) / 21 (sens)
#static field points-to:      0 (sens)
#instance field points-to:    0 (sens)
#array points-to:             0 (sens)
#reachable methods:           6 (insens) / 8 (sens)
#call graph edges:            7 (insens) / 8 (sens)
----------------------------------------
Comparing taint flows with src\test\resources\pta\taint\OneCallTaint-expected.txt ...
cspta finishes, elapsed time: 0.01s
Tai-e finishes, elapsed time: 1.64s
Tai-e starts ...
Writing options to output\options.yml
Writing analysis plan to output\tai-e-plan.yml
WorldBuilder starts ...
9161 classes with 89833 methods in the world
WorldBuilder finishes, elapsed time: 1.57s
class-dumper starts ...
Dumping 2 classes to output ...
class-dumper finishes, elapsed time: 0.00s
cspta starts ...
TaintConfig:
sources:
  <SourceSink: java.lang.String source()>(java.lang.String)
  <SourceSink: java.lang.String sourceAndSink(java.lang.String,java.lang.String)>(java.lang.String)

sinks:
  <SourceSink: void sink(java.lang.String)>/0
  <SourceSink: void sink(java.lang.String,int)>/0
  <SourceSink: void sink(java.lang.String,java.lang.String)>/1
  <SourceSink: java.lang.String sourceAndSink(java.lang.String,java.lang.String)>/0

transfers:
  <java.lang.StringBuffer: java.lang.StringBuffer append(java.lang.Object)>: 0 -> base(java.lang.StringBuffer)
  <java.lang.StringBuilder: java.lang.StringBuilder append(java.lang.String)>: 0 -> base(java.lang.StringBuilder)
  <java.lang.StringBuilder: java.lang.String toString()>: base -> result(java.lang.String)
  <java.lang.String: java.lang.String concat(java.lang.String)>: base -> result(java.lang.String)
  <java.lang.String: void <init>(char[])>: 0 -> base(java.lang.String)
  <java.lang.StringBuffer: java.lang.String toString()>: base -> result(java.lang.String)
  <java.lang.String: java.lang.String concat(java.lang.String)>: 0 -> result(java.lang.String)
  <java.lang.StringBuffer: java.lang.StringBuffer append(java.lang.String)>: 0 -> base(java.lang.StringBuffer)
  <java.lang.String: char[] toCharArray()>: base -> result(char[])
  <java.lang.StringBuilder: java.lang.StringBuilder append(java.lang.Object)>: 0 -> base(java.lang.StringBuilder)

<ArgToResult: void main(java.lang.String[])>[7@L7] invokestatic SourceSink.sink(s2)
-------------- Pointer analysis statistics: --------------
#var pointers:                431 (insens) / 431 (sens)
#var points-to:               581 (insens) / 581 (sens)
#static field points-to:      0 (sens)
#instance field points-to:    100 (sens)
#array points-to:             0 (sens)
#reachable methods:           78 (insens) / 78 (sens)
#call graph edges:            158 (insens) / 158 (sens)
----------------------------------------
Comparing taint flows with src\test\resources\pta\taint\ArgToResult-expected.txt ...
cspta finishes, elapsed time: 0.06s
Tai-e finishes, elapsed time: 1.64s
Tai-e starts ...
Writing options to output\options.yml
Writing analysis plan to output\tai-e-plan.yml
WorldBuilder starts ...
9161 classes with 89833 methods in the world
WorldBuilder finishes, elapsed time: 1.53s
class-dumper starts ...
Dumping 2 classes to output ...
class-dumper finishes, elapsed time: 0.00s
cspta starts ...
TaintConfig:
sources:
  <SourceSink: java.lang.String source()>(java.lang.String)
  <SourceSink: java.lang.String sourceAndSink(java.lang.String,java.lang.String)>(java.lang.String)

sinks:
  <SourceSink: void sink(java.lang.String)>/0
  <SourceSink: void sink(java.lang.String,int)>/0
  <SourceSink: void sink(java.lang.String,java.lang.String)>/1
  <SourceSink: java.lang.String sourceAndSink(java.lang.String,java.lang.String)>/0

transfers:
  <java.lang.String: char[] toCharArray()>: base -> result(char[])
  <java.lang.StringBuffer: java.lang.String toString()>: base -> result(java.lang.String)
  <java.lang.StringBuilder: java.lang.String toString()>: base -> result(java.lang.String)
  <java.lang.StringBuilder: java.lang.StringBuilder append(java.lang.Object)>: 0 -> base(java.lang.StringBuilder)
  <java.lang.StringBuffer: java.lang.StringBuffer append(java.lang.String)>: 0 -> base(java.lang.StringBuffer)
  <java.lang.StringBuffer: java.lang.StringBuffer append(java.lang.Object)>: 0 -> base(java.lang.StringBuffer)
  <java.lang.String: java.lang.String concat(java.lang.String)>: 0 -> result(java.lang.String)
  <java.lang.String: java.lang.String concat(java.lang.String)>: base -> result(java.lang.String)
  <java.lang.StringBuilder: java.lang.StringBuilder append(java.lang.String)>: 0 -> base(java.lang.StringBuilder)
  <java.lang.String: void <init>(char[])>: 0 -> base(java.lang.String)

<BaseToResult: void main(java.lang.String[])>[7@L7] invokestatic SourceSink.sink(s2)
-------------- Pointer analysis statistics: --------------
#var pointers:                431 (insens) / 431 (sens)
#var points-to:               580 (insens) / 580 (sens)
#static field points-to:      0 (sens)
#instance field points-to:    100 (sens)
#array points-to:             0 (sens)
#reachable methods:           78 (insens) / 78 (sens)
#call graph edges:            158 (insens) / 158 (sens)
----------------------------------------
Comparing taint flows with src\test\resources\pta\taint\BaseToResult-expected.txt ...
cspta finishes, elapsed time: 0.04s
Tai-e finishes, elapsed time: 1.59s
]]></system-out>
  <system-err><![CDATA[]]></system-err>
</testsuite>
